This file contains any messages produced by compilers while
running configure, to aid debugging if configure makes a mistake.

It was created by bibliotheque graphique iut configure 1.1, which was
generated by GNU Autoconf 2.69.  Invocation command line was

  $ ./configure --prefix=/usr --disable-exemples

## --------- ##
## Platform. ##
## --------- ##

hostname = theoXNPRO
uname -m = x86_64
uname -r = 4.15.0-38-generic
uname -s = Linux
uname -v = #41-Ubuntu SMP Wed Oct 10 10:59:38 UTC 2018

/usr/bin/uname -p = unknown
/bin/uname -X     = unknown

/bin/arch              = unknown
/usr/bin/arch -k       = unknown
/usr/convex/getsysinfo = unknown
/usr/bin/hostinfo      = unknown
/bin/machine           = unknown
/usr/bin/oslevel       = unknown
/bin/universe          = unknown

PATH: /usr/local/sbin
PATH: /usr/local/bin
PATH: /usr/sbin
PATH: /usr/bin
PATH: /sbin
PATH: /bin
PATH: /usr/games
PATH: /usr/local/games


## ----------- ##
## Core tests. ##
## ----------- ##

configure:2259: checking for a BSD-compatible install
configure:2327: result: /usr/bin/install -c
configure:2338: checking whether build environment is sane
configure:2393: result: yes
configure:2431: WARNING: 'missing' script is too old or missing
configure:2544: checking for a thread-safe mkdir -p
configure:2583: result: /bin/mkdir -p
configure:2590: checking for gawk
configure:2620: result: no
configure:2590: checking for mawk
configure:2606: found /usr/bin/mawk
configure:2617: result: mawk
configure:2628: checking whether make sets $(MAKE)
configure:2650: result: yes
configure:2679: checking whether make supports nested variables
configure:2696: result: yes
configure:2869: checking for gcc
configure:2885: found /usr/bin/gcc
configure:2896: result: gcc
configure:3125: checking for C compiler version
configure:3134: gcc --version >&5
gcc (Ubuntu 7.3.0-27ubuntu1~18.04) 7.3.0
Copyright (C) 2017 Free Software Foundation, Inc.
This is free software; see the source for copying conditions.  There is NO
warranty; not even for MERCHANTABILITY or FITNESS FOR A PARTICULAR PURPOSE.

configure:3145: $? = 0
configure:3134: gcc -v >&5
Using built-in specs.
COLLECT_GCC=gcc
COLLECT_LTO_WRAPPER=/usr/lib/gcc/x86_64-linux-gnu/7/lto-wrapper
OFFLOAD_TARGET_NAMES=nvptx-none
OFFLOAD_TARGET_DEFAULT=1
Target: x86_64-linux-gnu
Configured with: ../src/configure -v --with-pkgversion='Ubuntu 7.3.0-27ubuntu1~18.04' --with-bugurl=file:///usr/share/doc/gcc-7/README.Bugs --enable-languages=c,ada,c++,go,brig,d,fortran,objc,obj-c++ --prefix=/usr --with-gcc-major-version-only --program-suffix=-7 --program-prefix=x86_64-linux-gnu- --enable-shared --enable-linker-build-id --libexecdir=/usr/lib --without-included-gettext --enable-threads=posix --libdir=/usr/lib --enable-nls --with-sysroot=/ --enable-clocale=gnu --enable-libstdcxx-debug --enable-libstdcxx-time=yes --with-default-libstdcxx-abi=new --enable-gnu-unique-object --disable-vtable-verify --enable-libmpx --enable-plugin --enable-default-pie --with-system-zlib --with-target-system-zlib --enable-objc-gc=auto --enable-multiarch --disable-werror --with-arch-32=i686 --with-abi=m64 --with-multilib-list=m32,m64,mx32 --enable-multilib --with-tune=generic --enable-offload-targets=nvptx-none --without-cuda-driver --enable-checking=release --build=x86_64-linux-gnu --host=x86_64-linux-gnu --target=x86_64-linux-gnu
Thread model: posix
gcc version 7.3.0 (Ubuntu 7.3.0-27ubuntu1~18.04) 
configure:3145: $? = 0
configure:3134: gcc -V >&5
gcc: error: unrecognized command line option '-V'
gcc: fatal error: no input files
compilation terminated.
configure:3145: $? = 1
configure:3134: gcc -qversion >&5
gcc: error: unrecognized command line option '-qversion'; did you mean '--version'?
gcc: fatal error: no input files
compilation terminated.
configure:3145: $? = 1
configure:3165: checking whether the C compiler works
configure:3187: gcc    conftest.c  >&5
configure:3191: $? = 0
configure:3239: result: yes
configure:3242: checking for C compiler default output file name
configure:3244: result: a.out
configure:3250: checking for suffix of executables
configure:3257: gcc -o conftest    conftest.c  >&5
configure:3261: $? = 0
configure:3283: result: 
configure:3305: checking whether we are cross compiling
configure:3313: gcc -o conftest    conftest.c  >&5
configure:3317: $? = 0
configure:3324: ./conftest
configure:3328: $? = 0
configure:3343: result: no
configure:3348: checking for suffix of object files
configure:3370: gcc -c   conftest.c >&5
configure:3374: $? = 0
configure:3395: result: o
configure:3399: checking whether we are using the GNU C compiler
configure:3418: gcc -c   conftest.c >&5
configure:3418: $? = 0
configure:3427: result: yes
configure:3436: checking whether gcc accepts -g
configure:3456: gcc -c -g  conftest.c >&5
configure:3456: $? = 0
configure:3497: result: yes
configure:3514: checking for gcc option to accept ISO C89
configure:3577: gcc  -c -g -O2  conftest.c >&5
configure:3577: $? = 0
configure:3590: result: none needed
configure:3615: checking whether gcc understands -c and -o together
configure:3637: gcc -c conftest.c -o conftest2.o
configure:3640: $? = 0
configure:3637: gcc -c conftest.c -o conftest2.o
configure:3640: $? = 0
configure:3652: result: yes
configure:3680: checking for style of include used by make
configure:3708: result: GNU
configure:3734: checking dependency style of gcc
configure:3845: result: gcc3
configure:3910: checking for ar
configure:3926: found /usr/bin/ar
configure:3937: result: ar
configure:3963: checking the archiver (ar) interface
configure:3979: gcc -c -g -O2  conftest.c >&5
configure:3979: $? = 0
configure:3981: ar cru libconftest.a conftest.o >&5
ar: `u' modifier ignored since `D' is the default (see `U')
configure:3984: $? = 0
configure:4012: result: ar
configure:4061: checking build system type
configure:4075: result: x86_64-unknown-linux-gnu
configure:4095: checking host system type
configure:4108: result: x86_64-unknown-linux-gnu
configure:4149: checking how to print strings
configure:4176: result: printf
configure:4197: checking for a sed that does not truncate output
configure:4261: result: /bin/sed
configure:4279: checking for grep that handles long lines and -e
configure:4337: result: /bin/grep
configure:4342: checking for egrep
configure:4404: result: /bin/grep -E
configure:4409: checking for fgrep
configure:4471: result: /bin/grep -F
configure:4506: checking for ld used by gcc
configure:4573: result: /usr/bin/ld
configure:4580: checking if the linker (/usr/bin/ld) is GNU ld
configure:4595: result: yes
configure:4607: checking for BSD- or MS-compatible name lister (nm)
configure:4656: result: /usr/bin/nm -B
configure:4786: checking the name lister (/usr/bin/nm -B) interface
configure:4793: gcc -c -g -O2  conftest.c >&5
configure:4796: /usr/bin/nm -B "conftest.o"
configure:4799: output
0000000000000000 B some_variable
configure:4806: result: BSD nm
configure:4809: checking whether ln -s works
configure:4813: result: yes
configure:4821: checking the maximum length of command line arguments
configure:4951: result: 1572864
configure:4968: checking whether the shell understands some XSI constructs
configure:4978: result: yes
configure:4982: checking whether the shell understands "+="
configure:4988: result: yes
configure:5023: checking how to convert x86_64-unknown-linux-gnu file names to x86_64-unknown-linux-gnu format
configure:5063: result: func_convert_file_noop
configure:5070: checking how to convert x86_64-unknown-linux-gnu file names to toolchain format
configure:5090: result: func_convert_file_noop
configure:5097: checking for /usr/bin/ld option to reload object files
configure:5104: result: -r
configure:5178: checking for objdump
configure:5194: found /usr/bin/objdump
configure:5205: result: objdump
configure:5237: checking how to recognize dependent libraries
configure:5439: result: pass_all
configure:5524: checking for dlltool
configure:5554: result: no
configure:5584: checking how to associate runtime and link libraries
configure:5611: result: printf %s\n
configure:5735: checking for archiver @FILE support
configure:5752: gcc -c -g -O2  conftest.c >&5
configure:5752: $? = 0
configure:5755: ar cru libconftest.a @conftest.lst >&5
ar: `u' modifier ignored since `D' is the default (see `U')
configure:5758: $? = 0
configure:5763: ar cru libconftest.a @conftest.lst >&5
ar: `u' modifier ignored since `D' is the default (see `U')
ar: conftest.o: No such file or directory
configure:5766: $? = 1
configure:5778: result: @
configure:5836: checking for strip
configure:5852: found /usr/bin/strip
configure:5863: result: strip
configure:5935: checking for ranlib
configure:5951: found /usr/bin/ranlib
configure:5962: result: ranlib
configure:6064: checking command to parse /usr/bin/nm -B output from gcc object
configure:6184: gcc -c -g -O2  conftest.c >&5
configure:6187: $? = 0
configure:6191: /usr/bin/nm -B conftest.o \| sed -n -e 's/^.*[ ]\([ABCDGIRSTW][ABCDGIRSTW]*\)[ ][ ]*\([_A-Za-z][_A-Za-z0-9]*\)$/\1 \2 \2/p' | sed '/ __gnu_lto/d' \> conftest.nm
configure:6194: $? = 0
configure:6260: gcc -o conftest -g -O2   conftest.c conftstm.o >&5
configure:6263: $? = 0
configure:6301: result: ok
configure:6338: checking for sysroot
configure:6368: result: no
configure:6445: gcc -c -g -O2  conftest.c >&5
configure:6448: $? = 0
configure:6624: checking for mt
configure:6640: found /bin/mt
configure:6651: result: mt
configure:6674: checking if mt is a manifest tool
configure:6680: mt '-?'
configure:6688: result: no
configure:7330: checking how to run the C preprocessor
configure:7361: gcc -E  conftest.c
configure:7361: $? = 0
configure:7375: gcc -E  conftest.c
conftest.c:11:10: fatal error: ac_nonexistent.h: No such file or directory
 #include <ac_nonexistent.h>
          ^~~~~~~~~~~~~~~~~~
compilation terminated.
configure:7375: $? = 1
configure: failed program was:
| /* confdefs.h */
| #define PACKAGE_NAME "bibliotheque graphique iut"
| #define PACKAGE_TARNAME "bibliotheque-graphique-iut"
| #define PACKAGE_VERSION "1.1"
| #define PACKAGE_STRING "bibliotheque graphique iut 1.1"
| #define PACKAGE_BUGREPORT "monnerat@u-pec.fr"
| #define PACKAGE_URL ""
| #define PACKAGE "bibliotheque-graphique-iut"
| #define VERSION "1.1"
| /* end confdefs.h.  */
| #include <ac_nonexistent.h>
configure:7400: result: gcc -E
configure:7420: gcc -E  conftest.c
configure:7420: $? = 0
configure:7434: gcc -E  conftest.c
conftest.c:11:10: fatal error: ac_nonexistent.h: No such file or directory
 #include <ac_nonexistent.h>
          ^~~~~~~~~~~~~~~~~~
compilation terminated.
configure:7434: $? = 1
configure: failed program was:
| /* confdefs.h */
| #define PACKAGE_NAME "bibliotheque graphique iut"
| #define PACKAGE_TARNAME "bibliotheque-graphique-iut"
| #define PACKAGE_VERSION "1.1"
| #define PACKAGE_STRING "bibliotheque graphique iut 1.1"
| #define PACKAGE_BUGREPORT "monnerat@u-pec.fr"
| #define PACKAGE_URL ""
| #define PACKAGE "bibliotheque-graphique-iut"
| #define VERSION "1.1"
| /* end confdefs.h.  */
| #include <ac_nonexistent.h>
configure:7463: checking for ANSI C header files
configure:7483: gcc -c -g -O2  conftest.c >&5
configure:7483: $? = 0
configure:7556: gcc -o conftest -g -O2   conftest.c  >&5
configure:7556: $? = 0
configure:7556: ./conftest
configure:7556: $? = 0
configure:7567: result: yes
configure:7580: checking for sys/types.h
configure:7580: gcc -c -g -O2  conftest.c >&5
configure:7580: $? = 0
configure:7580: result: yes
configure:7580: checking for sys/stat.h
configure:7580: gcc -c -g -O2  conftest.c >&5
configure:7580: $? = 0
configure:7580: result: yes
configure:7580: checking for stdlib.h
configure:7580: gcc -c -g -O2  conftest.c >&5
configure:7580: $? = 0
configure:7580: result: yes
configure:7580: checking for string.h
configure:7580: gcc -c -g -O2  conftest.c >&5
configure:7580: $? = 0
configure:7580: result: yes
configure:7580: checking for memory.h
configure:7580: gcc -c -g -O2  conftest.c >&5
configure:7580: $? = 0
configure:7580: result: yes
configure:7580: checking for strings.h
configure:7580: gcc -c -g -O2  conftest.c >&5
configure:7580: $? = 0
configure:7580: result: yes
configure:7580: checking for inttypes.h
configure:7580: gcc -c -g -O2  conftest.c >&5
configure:7580: $? = 0
configure:7580: result: yes
configure:7580: checking for stdint.h
configure:7580: gcc -c -g -O2  conftest.c >&5
configure:7580: $? = 0
configure:7580: result: yes
configure:7580: checking for unistd.h
configure:7580: gcc -c -g -O2  conftest.c >&5
configure:7580: $? = 0
configure:7580: result: yes
configure:7594: checking for dlfcn.h
configure:7594: gcc -c -g -O2  conftest.c >&5
configure:7594: $? = 0
configure:7594: result: yes
configure:7800: checking for objdir
configure:7815: result: .libs
configure:8082: checking if gcc supports -fno-rtti -fno-exceptions
configure:8100: gcc -c -g -O2  -fno-rtti -fno-exceptions conftest.c >&5
cc1: warning: command line option '-fno-rtti' is valid for C++/ObjC++ but not for C
configure:8104: $? = 0
configure:8117: result: no
configure:8444: checking for gcc option to produce PIC
configure:8451: result: -fPIC -DPIC
configure:8459: checking if gcc PIC flag -fPIC -DPIC works
configure:8477: gcc -c -g -O2  -fPIC -DPIC -DPIC conftest.c >&5
configure:8481: $? = 0
configure:8494: result: yes
configure:8523: checking if gcc static flag -static works
configure:8551: result: yes
configure:8566: checking if gcc supports -c -o file.o
configure:8587: gcc -c -g -O2  -o out/conftest2.o conftest.c >&5
configure:8591: $? = 0
configure:8613: result: yes
configure:8621: checking if gcc supports -c -o file.o
configure:8668: result: yes
configure:8701: checking whether the gcc linker (/usr/bin/ld -m elf_x86_64) supports shared libraries
configure:9854: result: yes
configure:9891: checking whether -lc should be explicitly linked in
configure:9899: gcc -c -g -O2  conftest.c >&5
configure:9902: $? = 0
configure:9917: gcc -shared  -fPIC -DPIC conftest.o  -v -Wl,-soname -Wl,conftest -o conftest 2\>\&1 \| /bin/grep  -lc  \>/dev/null 2\>\&1
configure:9920: $? = 0
configure:9934: result: no
configure:10094: checking dynamic linker characteristics
configure:10605: gcc -o conftest -g -O2   -Wl,-rpath -Wl,/foo conftest.c  >&5
configure:10605: $? = 0
configure:10827: result: GNU/Linux ld.so
configure:10934: checking how to hardcode library paths into programs
configure:10959: result: immediate
configure:11499: checking whether stripping libraries is possible
configure:11504: result: yes
configure:11539: checking if libtool supports shared libraries
configure:11541: result: yes
configure:11544: checking whether to build shared libraries
configure:11565: result: yes
configure:11568: checking whether to build static libraries
configure:11572: result: yes
configure:11651: checking X11/Xlib.h usability
configure:11651: gcc -c -g -O2  conftest.c >&5
configure:11651: $? = 0
configure:11651: result: yes
configure:11651: checking X11/Xlib.h presence
configure:11651: gcc -E  conftest.c
configure:11651: $? = 0
configure:11651: result: yes
configure:11651: checking for X11/Xlib.h
configure:11651: result: yes
configure:11665: checking X11/cursorfont.h usability
configure:11665: gcc -c -g -O2  conftest.c >&5
configure:11665: $? = 0
configure:11665: result: yes
configure:11665: checking X11/cursorfont.h presence
configure:11665: gcc -E  conftest.c
configure:11665: $? = 0
configure:11665: result: yes
configure:11665: checking for X11/cursorfont.h
configure:11665: result: yes
configure:11679: checking X11/Xatom.h usability
configure:11679: gcc -c -g -O2  conftest.c >&5
configure:11679: $? = 0
configure:11679: result: yes
configure:11679: checking X11/Xatom.h presence
configure:11679: gcc -E  conftest.c
configure:11679: $? = 0
configure:11679: result: yes
configure:11679: checking for X11/Xatom.h
configure:11679: result: yes
configure:11693: checking X11/Xutil.h usability
configure:11693: gcc -c -g -O2  conftest.c >&5
configure:11693: $? = 0
configure:11693: result: yes
configure:11693: checking X11/Xutil.h presence
configure:11693: gcc -E  conftest.c
configure:11693: $? = 0
configure:11693: result: yes
configure:11693: checking for X11/Xutil.h
configure:11693: result: yes
configure:11707: checking X11/keysym.h usability
configure:11707: gcc -c -g -O2  conftest.c >&5
configure:11707: $? = 0
configure:11707: result: yes
configure:11707: checking X11/keysym.h presence
configure:11707: gcc -E  conftest.c
configure:11707: $? = 0
configure:11707: result: yes
configure:11707: checking for X11/keysym.h
configure:11707: result: yes
configure:11724: checking X11/xpm.h usability
configure:11724: gcc -c -g -O2  conftest.c >&5
conftest.c:61:10: fatal error: X11/xpm.h: No such file or directory
 #include <X11/xpm.h>
          ^~~~~~~~~~~
compilation terminated.
configure:11724: $? = 1
configure: failed program was:
| /* confdefs.h */
| #define PACKAGE_NAME "bibliotheque graphique iut"
| #define PACKAGE_TARNAME "bibliotheque-graphique-iut"
| #define PACKAGE_VERSION "1.1"
| #define PACKAGE_STRING "bibliotheque graphique iut 1.1"
| #define PACKAGE_BUGREPORT "monnerat@u-pec.fr"
| #define PACKAGE_URL ""
| #define PACKAGE "bibliotheque-graphique-iut"
| #define VERSION "1.1"
| #define STDC_HEADERS 1
| #define HAVE_SYS_TYPES_H 1
| #define HAVE_SYS_STAT_H 1
| #define HAVE_STDLIB_H 1
| #define HAVE_STRING_H 1
| #define HAVE_MEMORY_H 1
| #define HAVE_STRINGS_H 1
| #define HAVE_INTTYPES_H 1
| #define HAVE_STDINT_H 1
| #define HAVE_UNISTD_H 1
| #define HAVE_DLFCN_H 1
| #define LT_OBJDIR ".libs/"
| #define HAVE_X11_XLIB_H 1
| #define HAVE_X11_CURSORFONT_H 1
| #define HAVE_X11_XATOM_H 1
| #define HAVE_X11_XUTIL_H 1
| #define HAVE_X11_KEYSYM_H 1
| /* end confdefs.h.  */
| #include <stdio.h>
| #ifdef HAVE_SYS_TYPES_H
| # include <sys/types.h>
| #endif
| #ifdef HAVE_SYS_STAT_H
| # include <sys/stat.h>
| #endif
| #ifdef STDC_HEADERS
| # include <stdlib.h>
| # include <stddef.h>
| #else
| # ifdef HAVE_STDLIB_H
| #  include <stdlib.h>
| # endif
| #endif
| #ifdef HAVE_STRING_H
| # if !defined STDC_HEADERS && defined HAVE_MEMORY_H
| #  include <memory.h>
| # endif
| # include <string.h>
| #endif
| #ifdef HAVE_STRINGS_H
| # include <strings.h>
| #endif
| #ifdef HAVE_INTTYPES_H
| # include <inttypes.h>
| #endif
| #ifdef HAVE_STDINT_H
| # include <stdint.h>
| #endif
| #ifdef HAVE_UNISTD_H
| # include <unistd.h>
| #endif
| #include <X11/xpm.h>
configure:11724: result: no
configure:11724: checking X11/xpm.h presence
configure:11724: gcc -E  conftest.c
conftest.c:28:10: fatal error: X11/xpm.h: No such file or directory
 #include <X11/xpm.h>
          ^~~~~~~~~~~
compilation terminated.
configure:11724: $? = 1
configure: failed program was:
| /* confdefs.h */
| #define PACKAGE_NAME "bibliotheque graphique iut"
| #define PACKAGE_TARNAME "bibliotheque-graphique-iut"
| #define PACKAGE_VERSION "1.1"
| #define PACKAGE_STRING "bibliotheque graphique iut 1.1"
| #define PACKAGE_BUGREPORT "monnerat@u-pec.fr"
| #define PACKAGE_URL ""
| #define PACKAGE "bibliotheque-graphique-iut"
| #define VERSION "1.1"
| #define STDC_HEADERS 1
| #define HAVE_SYS_TYPES_H 1
| #define HAVE_SYS_STAT_H 1
| #define HAVE_STDLIB_H 1
| #define HAVE_STRING_H 1
| #define HAVE_MEMORY_H 1
| #define HAVE_STRINGS_H 1
| #define HAVE_INTTYPES_H 1
| #define HAVE_STDINT_H 1
| #define HAVE_UNISTD_H 1
| #define HAVE_DLFCN_H 1
| #define LT_OBJDIR ".libs/"
| #define HAVE_X11_XLIB_H 1
| #define HAVE_X11_CURSORFONT_H 1
| #define HAVE_X11_XATOM_H 1
| #define HAVE_X11_XUTIL_H 1
| #define HAVE_X11_KEYSYM_H 1
| /* end confdefs.h.  */
| #include <X11/xpm.h>
configure:11724: result: no
configure:11724: checking for X11/xpm.h
configure:11724: result: no
configure:11868: checking that generated files are newer than configure
configure:11874: result: done
configure:11901: creating ./config.status

## ---------------------- ##
## Running config.status. ##
## ---------------------- ##

This file was extended by bibliotheque graphique iut config.status 1.1, which was
generated by GNU Autoconf 2.69.  Invocation command line was

  CONFIG_FILES    = 
  CONFIG_HEADERS  = 
  CONFIG_LINKS    = 
  CONFIG_COMMANDS = 
  $ ./config.status 

on theoXNPRO

config.status:1093: creating Makefile
config.status:1093: creating src/Makefile
config.status:1093: creating src/lib/Makefile
config.status:1093: creating src/include/Makefile
config.status:1093: creating src/exemples/Makefile
config.status:1093: creating config.h
config.status:1274: config.h is unchanged
config.status:1322: executing depfiles commands
config.status:1322: executing libtool commands
configure:14129: checking exemples construits
configure:14131: result: no
configure:14133: checking support xpm
configure:14135: result: no

## ---------------- ##
## Cache variables. ##
## ---------------- ##

ac_cv_build=x86_64-unknown-linux-gnu
ac_cv_c_compiler_gnu=yes
ac_cv_env_CC_set=
ac_cv_env_CC_value=
ac_cv_env_CFLAGS_set=
ac_cv_env_CFLAGS_value=
ac_cv_env_CPPFLAGS_set=
ac_cv_env_CPPFLAGS_value=
ac_cv_env_CPP_set=
ac_cv_env_CPP_value=
ac_cv_env_LDFLAGS_set=
ac_cv_env_LDFLAGS_value=
ac_cv_env_LIBS_set=
ac_cv_env_LIBS_value=
ac_cv_env_build_alias_set=
ac_cv_env_build_alias_value=
ac_cv_env_host_alias_set=
ac_cv_env_host_alias_value=
ac_cv_env_target_alias_set=
ac_cv_env_target_alias_value=
ac_cv_header_X11_Xatom_h=yes
ac_cv_header_X11_Xlib_h=yes
ac_cv_header_X11_Xutil_h=yes
ac_cv_header_X11_cursorfont_h=yes
ac_cv_header_X11_keysym_h=yes
ac_cv_header_X11_xpm_h=no
ac_cv_header_dlfcn_h=yes
ac_cv_header_inttypes_h=yes
ac_cv_header_memory_h=yes
ac_cv_header_stdc=yes
ac_cv_header_stdint_h=yes
ac_cv_header_stdlib_h=yes
ac_cv_header_string_h=yes
ac_cv_header_strings_h=yes
ac_cv_header_sys_stat_h=yes
ac_cv_header_sys_types_h=yes
ac_cv_header_unistd_h=yes
ac_cv_host=x86_64-unknown-linux-gnu
ac_cv_objext=o
ac_cv_path_EGREP='/bin/grep -E'
ac_cv_path_FGREP='/bin/grep -F'
ac_cv_path_GREP=/bin/grep
ac_cv_path_SED=/bin/sed
ac_cv_path_install='/usr/bin/install -c'
ac_cv_path_mkdir=/bin/mkdir
ac_cv_prog_AWK=mawk
ac_cv_prog_CPP='gcc -E'
ac_cv_prog_ac_ct_AR=ar
ac_cv_prog_ac_ct_CC=gcc
ac_cv_prog_ac_ct_MANIFEST_TOOL=mt
ac_cv_prog_ac_ct_OBJDUMP=objdump
ac_cv_prog_ac_ct_RANLIB=ranlib
ac_cv_prog_ac_ct_STRIP=strip
ac_cv_prog_cc_c89=
ac_cv_prog_cc_g=yes
ac_cv_prog_make_make_set=yes
am_cv_CC_dependencies_compiler_type=gcc3
am_cv_ar_interface=ar
am_cv_make_support_nested_variables=yes
am_cv_prog_cc_c_o=yes
lt_cv_ar_at_file=@
lt_cv_archive_cmds_need_lc=no
lt_cv_deplibs_check_method=pass_all
lt_cv_file_magic_cmd='$MAGIC_CMD'
lt_cv_file_magic_test_file=
lt_cv_ld_reload_flag=-r
lt_cv_nm_interface='BSD nm'
lt_cv_objdir=.libs
lt_cv_path_LD=/usr/bin/ld
lt_cv_path_NM='/usr/bin/nm -B'
lt_cv_path_mainfest_tool=no
lt_cv_prog_compiler_c_o=yes
lt_cv_prog_compiler_pic='-fPIC -DPIC'
lt_cv_prog_compiler_pic_works=yes
lt_cv_prog_compiler_rtti_exceptions=no
lt_cv_prog_compiler_static_works=yes
lt_cv_prog_gnu_ld=yes
lt_cv_sharedlib_from_linklib_cmd='printf %s\n'
lt_cv_shlibpath_overrides_runpath=yes
lt_cv_sys_global_symbol_pipe='sed -n -e '\''s/^.*[	 ]\([ABCDGIRSTW][ABCDGIRSTW]*\)[	 ][	 ]*\([_A-Za-z][_A-Za-z0-9]*\)$/\1 \2 \2/p'\'' | sed '\''/ __gnu_lto/d'\'''
lt_cv_sys_global_symbol_to_c_name_address='sed -n -e '\''s/^: \([^ ]*\)[ ]*$/  {\"\1\", (void *) 0},/p'\'' -e '\''s/^[ABCDGIRSTW]* \([^ ]*\) \([^ ]*\)$/  {"\2", (void *) \&\2},/p'\'''
lt_cv_sys_global_symbol_to_c_name_address_lib_prefix='sed -n -e '\''s/^: \([^ ]*\)[ ]*$/  {\"\1\", (void *) 0},/p'\'' -e '\''s/^[ABCDGIRSTW]* \([^ ]*\) \(lib[^ ]*\)$/  {"\2", (void *) \&\2},/p'\'' -e '\''s/^[ABCDGIRSTW]* \([^ ]*\) \([^ ]*\)$/  {"lib\2", (void *) \&\2},/p'\'''
lt_cv_sys_global_symbol_to_cdecl='sed -n -e '\''s/^T .* \(.*\)$/extern int \1();/p'\'' -e '\''s/^[ABCDGIRSTW]* .* \(.*\)$/extern char \1;/p'\'''
lt_cv_sys_max_cmd_len=1572864
lt_cv_to_host_file_cmd=func_convert_file_noop
lt_cv_to_tool_file_cmd=func_convert_file_noop

## ----------------- ##
## Output variables. ##
## ----------------- ##

ACLOCAL='aclocal-1.14'
AMDEPBACKSLASH='\'
AMDEP_FALSE='#'
AMDEP_TRUE=''
AMTAR='$${TAR-tar}'
AM_BACKSLASH='\'
AM_DEFAULT_V='$(AM_DEFAULT_VERBOSITY)'
AM_DEFAULT_VERBOSITY='1'
AM_V='$(V)'
AR='ar'
AUTOCONF='autoconf'
AUTOHEADER='autoheader'
AUTOMAKE='automake-1.14'
AWK='mawk'
CC='gcc'
CCDEPMODE='depmode=gcc3'
CFLAGS='-g -O2'
COND_EXPLES_FALSE=''
COND_EXPLES_TRUE='#'
CPP='gcc -E'
CPPFLAGS=''
CYGPATH_W='echo'
DEFS='-DHAVE_CONFIG_H'
DEPDIR='.deps'
DLLTOOL='false'
DSYMUTIL=''
DUMPBIN=''
ECHO_C=''
ECHO_N='-n'
ECHO_T=''
EGREP='/bin/grep -E'
EXEEXT=''
EXEMPLES_IMAGES_DIR='${datarootdir}/libgraph/images/'
FGREP='/bin/grep -F'
GREP='/bin/grep'
INSTALL_DATA='${INSTALL} -m 644'
INSTALL_PROGRAM='${INSTALL}'
INSTALL_SCRIPT='${INSTALL}'
INSTALL_STRIP_PROGRAM='$(install_sh) -c -s'
LD='/usr/bin/ld -m elf_x86_64'
LDFLAGS=''
LIBOBJS=''
LIBS=''
LIBTOOL='$(SHELL) $(top_builddir)/libtool'
LIPO=''
LN_S='ln -s'
LTLIBOBJS=''
MAKEINFO='makeinfo'
MANIFEST_TOOL=':'
MKDIR_P='/bin/mkdir -p'
NM='/usr/bin/nm -B'
NMEDIT=''
OBJDUMP='objdump'
OBJEXT='o'
OTOOL64=''
OTOOL=''
PACKAGE='bibliotheque-graphique-iut'
PACKAGE_BUGREPORT='monnerat@u-pec.fr'
PACKAGE_NAME='bibliotheque graphique iut'
PACKAGE_STRING='bibliotheque graphique iut 1.1'
PACKAGE_TARNAME='bibliotheque-graphique-iut'
PACKAGE_URL=''
PACKAGE_VERSION='1.1'
PATH_SEPARATOR=':'
PREFIX='/usr'
RANLIB='ranlib'
SED='/bin/sed'
SET_MAKE=''
SHELL='/bin/bash'
STRIP='strip'
VERSION='1.1'
ac_ct_AR='ar'
ac_ct_CC='gcc'
ac_ct_DUMPBIN=''
am__EXEEXT_FALSE=''
am__EXEEXT_TRUE='#'
am__fastdepCC_FALSE='#'
am__fastdepCC_TRUE=''
am__include='include'
am__isrc=''
am__leading_dot='.'
am__nodep='_no'
am__quote=''
am__tar='$${TAR-tar} chof - "$$tardir"'
am__untar='$${TAR-tar} xf -'
bindir='${exec_prefix}/bin'
build='x86_64-unknown-linux-gnu'
build_alias=''
build_cpu='x86_64'
build_os='linux-gnu'
build_vendor='unknown'
datadir='${datarootdir}'
datarootdir='${prefix}/share'
docdir='${datarootdir}/doc/${PACKAGE_TARNAME}'
dvidir='${docdir}'
exec_prefix='/usr'
host='x86_64-unknown-linux-gnu'
host_alias=''
host_cpu='x86_64'
host_os='linux-gnu'
host_vendor='unknown'
htmldir='${docdir}'
includedir='${prefix}/include'
infodir='${datarootdir}/info'
install_sh='${SHELL} /home/theo/iut/PT11_APL2018/bibliotheque-graphique-iut-1.1/install-sh'
libdir='${exec_prefix}/lib'
libexecdir='${exec_prefix}/libexec'
localedir='${datarootdir}/locale'
localstatedir='${prefix}/var'
mandir='${datarootdir}/man'
mkdir_p='$(MKDIR_P)'
oldincludedir='/usr/include'
pdfdir='${docdir}'
prefix='/usr'
program_transform_name='s,x,x,'
psdir='${docdir}'
sbindir='${exec_prefix}/sbin'
sharedstatedir='${prefix}/com'
sysconfdir='${prefix}/etc'
target_alias=''

## ----------- ##
## confdefs.h. ##
## ----------- ##

/* confdefs.h */
#define PACKAGE_NAME "bibliotheque graphique iut"
#define PACKAGE_TARNAME "bibliotheque-graphique-iut"
#define PACKAGE_VERSION "1.1"
#define PACKAGE_STRING "bibliotheque graphique iut 1.1"
#define PACKAGE_BUGREPORT "monnerat@u-pec.fr"
#define PACKAGE_URL ""
#define PACKAGE "bibliotheque-graphique-iut"
#define VERSION "1.1"
#define STDC_HEADERS 1
#define HAVE_SYS_TYPES_H 1
#define HAVE_SYS_STAT_H 1
#define HAVE_STDLIB_H 1
#define HAVE_STRING_H 1
#define HAVE_MEMORY_H 1
#define HAVE_STRINGS_H 1
#define HAVE_INTTYPES_H 1
#define HAVE_STDINT_H 1
#define HAVE_UNISTD_H 1
#define HAVE_DLFCN_H 1
#define LT_OBJDIR ".libs/"
#define HAVE_X11_XLIB_H 1
#define HAVE_X11_CURSORFONT_H 1
#define HAVE_X11_XATOM_H 1
#define HAVE_X11_XUTIL_H 1
#define HAVE_X11_KEYSYM_H 1

configure: exit 0
